2017-05-09T21:44:43.853Z - [31merror[39m: uncaughtException: write EPIPE 
{ date: [32m'Tue May 09 2017 17:44:43 GMT-0400 (EDT)'[39m,
  process: 
   { pid: [33m14033[39m,
     uid: [33m501[39m,
     gid: [33m20[39m,
     cwd: [32m'/Users/latrellfreeman/Github/quality/v1.0_sdk_tests'[39m,
     execPath: [32m'/usr/local/bin/node'[39m,
     version: [32m'v6.9.1'[39m,
     argv: 
      [ [32m'/usr/local/bin/node'[39m,
        [32m'/Users/latrellfreeman/Github/quality/v1.0_sdk_tests/app.js'[39m,
        [32m'query'[39m,
        [32m'-c'[39m,
        [32m'dev'[39m,
        [32m'-i'[39m,
        [32m'dev'[39m,
        [32m'-v'[39m,
        [32m'1'[39m,
        [32m'-p'[39m,
        [32m'1a'[39m ],
     memoryUsage: { rss: [33m71905280[39m, heapTotal: [33m44126208[39m, heapUsed: [33m29682992[39m } },
  os: 
   { loadavg: [ [33m2.53662109375[39m, [33m2.44873046875[39m, [33m2.318359375[39m ],
     uptime: [33m28946[39m },
  trace: 
   [ { column: [33m11[39m,
       file: [32m'util.js'[39m,
       function: [32m'exports._errnoException'[39m,
       line: [33m1026[39m,
       method: [32m'_errnoException'[39m,
       native: [33mfalse[39m },
     { column: [33m14[39m,
       file: [32m'net.js'[39m,
       function: [32m'WriteWrap.afterWrite'[39m,
       line: [33m799[39m,
       method: [32m'afterWrite'[39m,
       native: [33mfalse[39m } ],
  stack: 
   [ [32m'Error: write EPIPE'[39m,
     [32m'    at exports._errnoException (util.js:1026:11)'[39m,
     [32m'    at WriteWrap.afterWrite (net.js:799:14)'[39m ] }
